[pool-1-thread-1] INFO  com.techninja.firstassignment.PrintJob  - United Kingdom..Job Started by Threadpool-1-thread-1
[pool-1-thread-2] INFO  com.techninja.firstassignment.PrintJob  - USA..Job Started by Threadpool-1-thread-2
[pool-1-thread-1] INFO  com.techninja.firstassignment.PrintJob  - SQL:United Kingdom..Job Started by Threadpool-1-thread-1
[pool-1-thread-1] INFO  com.techninja.firstassignment.PrintJob  - SQL:Insert into JavaThreadLog Values( 1,'United Kingdom','United Kingdom..Job Started by Threadpool-1-thread-1')
[pool-1-thread-2] INFO  com.techninja.firstassignment.PrintJob  - SQL:USA..Job Started by Threadpool-1-thread-2
[pool-1-thread-2] INFO  com.techninja.firstassignment.PrintJob  - SQL:Insert into JavaThreadLog Values( 1,'USA','USA..Job Started by Threadpool-1-thread-2')
[pool-1-thread-1] INFO  com.techninja.firstassignment.PrintJob  - United Kingdom..Job Started by Threadpool-1-thread-1
[pool-1-thread-1] INFO  com.techninja.firstassignment.PrintJob  - India..Job Started by Threadpool-1-thread-1
[pool-1-thread-2] INFO  com.techninja.firstassignment.PrintJob  - USA..Job Started by Threadpool-1-thread-2
[pool-1-thread-2] INFO  com.techninja.firstassignment.PrintJob  - Singapore..Job Started by Threadpool-1-thread-2
[pool-1-thread-2] INFO  com.techninja.firstassignment.PrintJob  - SQL:Singapore..Job Started by Threadpool-1-thread-2
[pool-1-thread-2] INFO  com.techninja.firstassignment.PrintJob  - SQL:Insert into JavaThreadLog Values( 1,'Singapore','Singapore..Job Started by Threadpool-1-thread-2')
[pool-1-thread-1] INFO  com.techninja.firstassignment.PrintJob  - SQL:India..Job Started by Threadpool-1-thread-1
[pool-1-thread-1] INFO  com.techninja.firstassignment.PrintJob  - SQL:Insert into JavaThreadLog Values( 1,'India','India..Job Started by Threadpool-1-thread-1')
[pool-1-thread-2] INFO  com.techninja.firstassignment.PrintJob  - Singapore..Job Started by Threadpool-1-thread-2
[pool-1-thread-2] INFO  com.techninja.firstassignment.PrintJob  - Dubai..Job Started by Threadpool-1-thread-2
[pool-1-thread-1] INFO  com.techninja.firstassignment.PrintJob  - India..Job Started by Threadpool-1-thread-1
[pool-1-thread-1] INFO  com.techninja.firstassignment.PrintJob  - Brazil..Job Started by Threadpool-1-thread-1
[pool-1-thread-2] INFO  com.techninja.firstassignment.PrintJob  - SQL:Dubai..Job Started by Threadpool-1-thread-2
[pool-1-thread-2] INFO  com.techninja.firstassignment.PrintJob  - SQL:Insert into JavaThreadLog Values( 1,'Dubai','Dubai..Job Started by Threadpool-1-thread-2')
[pool-1-thread-1] INFO  com.techninja.firstassignment.PrintJob  - SQL:Brazil..Job Started by Threadpool-1-thread-1
[pool-1-thread-1] INFO  com.techninja.firstassignment.PrintJob  - SQL:Insert into JavaThreadLog Values( 1,'Brazil','Brazil..Job Started by Threadpool-1-thread-1')
[pool-1-thread-2] INFO  com.techninja.firstassignment.PrintJob  - Dubai..Job Started by Threadpool-1-thread-2
[pool-1-thread-1] INFO  com.techninja.firstassignment.PrintJob  - Brazil..Job Started by Threadpool-1-thread-1
[pool-1-thread-1] INFO  com.techninja.firstassignment.PrintJob  - United Kingdom..Job Started by Threadpool-1-thread-1
[pool-1-thread-2] INFO  com.techninja.firstassignment.PrintJob  - USA..Job Started by Threadpool-1-thread-2
[pool-1-thread-2] INFO  com.techninja.firstassignment.PrintJob  - SQL:USA..Job Started by Threadpool-1-thread-2
[pool-1-thread-2] INFO  com.techninja.firstassignment.PrintJob  - SQL:Insert into JavaThreadLog Values( 1,'USA','USA..Job Started by Threadpool-1-thread-2')
[pool-1-thread-1] INFO  com.techninja.firstassignment.PrintJob  - SQL:United Kingdom..Job Started by Threadpool-1-thread-1
[pool-1-thread-1] INFO  com.techninja.firstassignment.PrintJob  - SQL:Insert into JavaThreadLog Values( 1,'United Kingdom','United Kingdom..Job Started by Threadpool-1-thread-1')
[pool-1-thread-2] INFO  com.techninja.firstassignment.PrintJob  - USA..Job Started by Threadpool-1-thread-2
[pool-1-thread-2] INFO  com.techninja.firstassignment.PrintJob  - India..Job Started by Threadpool-1-thread-2
[pool-1-thread-1] INFO  com.techninja.firstassignment.PrintJob  - United Kingdom..Job Started by Threadpool-1-thread-1
[pool-1-thread-1] INFO  com.techninja.firstassignment.PrintJob  - Singapore..Job Started by Threadpool-1-thread-1
[pool-1-thread-1] INFO  com.techninja.firstassignment.PrintJob  - SQL:Singapore..Job Started by Threadpool-1-thread-1
[pool-1-thread-1] INFO  com.techninja.firstassignment.PrintJob  - SQL:Insert into JavaThreadLog Values( 1,'Singapore','Singapore..Job Started by Threadpool-1-thread-1')
[pool-1-thread-2] INFO  com.techninja.firstassignment.PrintJob  - SQL:India..Job Started by Threadpool-1-thread-2
[pool-1-thread-2] INFO  com.techninja.firstassignment.PrintJob  - SQL:Insert into JavaThreadLog Values( 1,'India','India..Job Started by Threadpool-1-thread-2')
[pool-1-thread-1] INFO  com.techninja.firstassignment.PrintJob  - Singapore..Job Started by Threadpool-1-thread-1
[pool-1-thread-1] INFO  com.techninja.firstassignment.PrintJob  - Dubai..Job Started by Threadpool-1-thread-1
[pool-1-thread-2] INFO  com.techninja.firstassignment.PrintJob  - India..Job Started by Threadpool-1-thread-2
[pool-1-thread-2] INFO  com.techninja.firstassignment.PrintJob  - Brazil..Job Started by Threadpool-1-thread-2
[pool-1-thread-1] INFO  com.techninja.firstassignment.PrintJob  - SQL:Dubai..Job Started by Threadpool-1-thread-1
[pool-1-thread-1] INFO  com.techninja.firstassignment.PrintJob  - SQL:Insert into JavaThreadLog Values( 1,'Dubai','Dubai..Job Started by Threadpool-1-thread-1')
[pool-1-thread-2] INFO  com.techninja.firstassignment.PrintJob  - SQL:Brazil..Job Started by Threadpool-1-thread-2
[pool-1-thread-2] INFO  com.techninja.firstassignment.PrintJob  - SQL:Insert into JavaThreadLog Values( 1,'Brazil','Brazil..Job Started by Threadpool-1-thread-2')
[pool-1-thread-1] INFO  com.techninja.firstassignment.PrintJob  - Dubai..Job Started by Threadpool-1-thread-1
[pool-1-thread-2] INFO  com.techninja.firstassignment.PrintJob  - Brazil..Job Started by Threadpool-1-thread-2
[pool-1-thread-1] INFO  com.techninja.firstassignment.PrintJob  - United Kingdom..Job Started by Threadpool-1-thread-1
[pool-1-thread-2] INFO  com.techninja.firstassignment.PrintJob  - USA..Job Started by Threadpool-1-thread-2
[pool-1-thread-2] INFO  com.techninja.firstassignment.PrintJob  - SQL:USA..Job Started by Threadpool-1-thread-2
[pool-1-thread-2] INFO  com.techninja.firstassignment.PrintJob  - SQL:Insert into JavaThreadLog Values( 1,'USA','USA..Job Started by Threadpool-1-thread-2')
[pool-1-thread-1] INFO  com.techninja.firstassignment.PrintJob  - SQL:United Kingdom..Job Started by Threadpool-1-thread-1
[pool-1-thread-1] INFO  com.techninja.firstassignment.PrintJob  - SQL:Insert into JavaThreadLog Values( 1,'United Kingdom','United Kingdom..Job Started by Threadpool-1-thread-1')
[pool-1-thread-2] INFO  com.techninja.firstassignment.PrintJob  - USA..Job Started by Threadpool-1-thread-2
[pool-1-thread-2] INFO  com.techninja.firstassignment.PrintJob  - India..Job Started by Threadpool-1-thread-2
[pool-1-thread-1] INFO  com.techninja.firstassignment.PrintJob  - United Kingdom..Job Started by Threadpool-1-thread-1
[pool-1-thread-1] INFO  com.techninja.firstassignment.PrintJob  - Singapore..Job Started by Threadpool-1-thread-1
[pool-1-thread-2] INFO  com.techninja.firstassignment.PrintJob  - SQL:India..Job Started by Threadpool-1-thread-2
[pool-1-thread-2] INFO  com.techninja.firstassignment.PrintJob  - SQL:Insert into JavaThreadLog Values( 1,'India','India..Job Started by Threadpool-1-thread-2')
[pool-1-thread-1] INFO  com.techninja.firstassignment.PrintJob  - SQL:Singapore..Job Started by Threadpool-1-thread-1
[pool-1-thread-1] INFO  com.techninja.firstassignment.PrintJob  - SQL:Insert into JavaThreadLog Values( 1,'Singapore','Singapore..Job Started by Threadpool-1-thread-1')
[pool-1-thread-2] INFO  com.techninja.firstassignment.PrintJob  - India..Job Started by Threadpool-1-thread-2
[pool-1-thread-2] INFO  com.techninja.firstassignment.PrintJob  - Dubai..Job Started by Threadpool-1-thread-2
[pool-1-thread-1] INFO  com.techninja.firstassignment.PrintJob  - Singapore..Job Started by Threadpool-1-thread-1
[pool-1-thread-1] INFO  com.techninja.firstassignment.PrintJob  - Brazil..Job Started by Threadpool-1-thread-1
[pool-1-thread-2] INFO  com.techninja.firstassignment.PrintJob  - SQL:Dubai..Job Started by Threadpool-1-thread-2
[pool-1-thread-2] INFO  com.techninja.firstassignment.PrintJob  - SQL:Insert into JavaThreadLog Values( 1,'Dubai','Dubai..Job Started by Threadpool-1-thread-2')
[pool-1-thread-1] INFO  com.techninja.firstassignment.PrintJob  - SQL:Brazil..Job Started by Threadpool-1-thread-1
[pool-1-thread-1] INFO  com.techninja.firstassignment.PrintJob  - SQL:Insert into JavaThreadLog Values( 1,'Brazil','Brazil..Job Started by Threadpool-1-thread-1')
[pool-1-thread-2] INFO  com.techninja.firstassignment.PrintJob  - Dubai..Job Started by Threadpool-1-thread-2
[pool-1-thread-1] INFO  com.techninja.firstassignment.PrintJob  - Brazil..Job Started by Threadpool-1-thread-1
